<?xml version="1.0" encoding="UTF-8"?>
<testng-results ignored="0" total="1" passed="1" failed="0" skipped="0">
  <reporter-output>
  </reporter-output>
  <suite started-at="2021-02-25T08:23:47Z" name="Default suite" finished-at="2021-02-25T08:24:02Z" duration-ms="14882">
    <groups>
    </groups>
    <test started-at="2021-02-25T08:23:47Z" name="Default test" finished-at="2021-02-25T08:24:02Z" duration-ms="14882">
      <class name="com.APITesting.RestAssuredTutorial.GetMethodDemo">
        <test-method signature="getResponseBody()[pri:0, instance:com.APITesting.RestAssuredTutorial.GetMethodDemo@343570b7]" started-at="2021-02-25T08:23:47Z" name="getResponseBody" finished-at="2021-02-25T08:24:02Z" duration-ms="14719" status="PASS">
          <reporter-output>
          </reporter-output>
        </test-method> <!-- getResponseBody -->
      </class> <!-- com.APITesting.RestAssuredTutorial.GetMethodDemo -->
    </test> <!-- Default test -->
  </suite> <!-- Default suite -->
</testng-results>
